Log file open, 10/12/14 17:36:31
LogInit:Display: Running engine for game: Faceinating
LogInit: Version: 4.3.1-2226335+++depot+UE4-Releases+4.3
LogInit: API Version: 2215663
LogInit: Compiled (64-bit): Jul 21 2014 22:28:08
LogInit: Build Configuration: Development
LogInit: Branch Name: ++depot+UE4-Releases+4.3
LogInit: Command line: 
LogInit: Base directory: C:/Program Files/Unreal Engine/4.3/Engine/Binaries/Win64/
LogInit: Rocket: 1
[2014.10.12-21.36.31:725][  0]LogTaskGraph: Started task graph with 3 named threads and 4 total threads.
[2014.10.12-21.36.31:749][  0]LogOnline:Warning: No default platform service specified for OnlineSubsystem
[2014.10.12-21.36.31:755][  0]LogInit: Presizing for 0 objects not considered by GC, pre-allocating 0 bytes.
[2014.10.12-21.36.31:760][  0]LogInit: Object subsystem initialized
[2014.10.12-21.36.31:762][  0]LogInit: Selected Device Profile: [Windows]
[2014.10.12-21.36.31:762][  0]LogInit: Applying CVar settings loaded from the selected device profile: [Windows]
[2014.10.12-21.36.31:766][  0]LogInit: Computer: DIM-P46630-JV3
[2014.10.12-21.36.31:767][  0]LogInit: User: utilisateur
[2014.10.12-21.36.31:767][  0]LogInit: CPU Page size=4096, Cores=4
[2014.10.12-21.36.31:767][  0]LogInit: High frequency timer resolution =3.604677 MHz
[2014.10.12-21.36.31:767][  0]LogMemory: Memory total: Physical=7.9GB (8GB approx) Virtual=8192.0GB
[2014.10.12-21.36.31:767][  0]LogMemory: Platform Memory Stats for Windows
[2014.10.12-21.36.31:767][  0]LogMemory: Process Physical Memory: 61.30 MB used, 61.30 MB peak
[2014.10.12-21.36.31:767][  0]LogMemory: Process Virtual Memory: 38.37 MB used, 38.37 MB peak
[2014.10.12-21.36.31:767][  0]LogMemory: Physical Memory: 3300.13 MB used, 8136.17 MB total
[2014.10.12-21.36.31:767][  0]LogMemory: Virtual Memory: 247.80 MB used, 8388608.00 MB total
[2014.10.12-21.36.31:792][  0]LogD3D11RHI: Found D3D11 adapter 0: NVIDIA GeForce GTX 770 (Feature Level 11_0)
[2014.10.12-21.36.31:792][  0]LogD3D11RHI: Adapter has 1990MB of dedicated video memory, 0MB of dedicated system memory, and 2048MB of shared system memory, 2 output[s]
[2014.10.12-21.36.31:792][  0]LogD3D11RHI: Chosen D3D11 Adapter Id = 0
[2014.10.12-21.36.31:796][  0]LogRHI: Texture pool is 1361 MB (70% of 1945 MB)
[2014.10.12-21.36.31:804][  0]LogD3D11RHI: Async texture creation enabled
[2014.10.12-21.36.31:843][  0]LogTextLocalizationManager:Warning: The selected culture 'fr_CA' is not available; falling back to 'en'
[2014.10.12-21.36.31:903][  0]LogContentStreaming: Texture pool size is 0.000000MB
[2014.10.12-21.36.32:495][  0]LogTargetPlatformManager:Display: Building Assets For Windows
[2014.10.12-21.36.32:565][  0]LogTargetPlatformManager:Display: Building Assets For Windows
[2014.10.12-21.36.32:591][  0]LogDerivedDataCache:Display: Max Cache Size: 512 MB
[2014.10.12-21.36.32:642][  0]LogDerivedDataCache: Loaded boot cache 0.05s 39MB C:/Users/utilisateur/AppData/Local/UnrealEngine/4.3/DerivedDataCache/Boot.ddc.
[2014.10.12-21.36.32:643][  0]LogDerivedDataCache:Display: Loaded Boot cache: C:/Users/utilisateur/AppData/Local/UnrealEngine/4.3/DerivedDataCache/Boot.ddc
[2014.10.12-21.36.32:643][  0]LogDerivedDataCache: FDerivedDataBackendGraph:  Pak pak cache file ../../../../../../Users/utilisateur/Documents/Unreal Projects/Faceinating/DerivedDataCache/DDC.ddp not found, will not use a pak cache.
[2014.10.12-21.36.32:643][  0]LogDerivedDataCache: Unable to find inner node Pak for hierarchical cache Hierarchy.
[2014.10.12-21.36.32:657][  0]LogDerivedDataCache:Display: Pak cache opened for reading ../../../Engine/DerivedDataCache/DDC.ddp.
[2014.10.12-21.36.32:668][  0]LogDerivedDataCache: Using Local data cache path C:/Users/utilisateur/AppData/Local/UnrealEngine/4.3/DerivedDataCache: Writable
[2014.10.12-21.36.32:789][  0]LogMeshUtilities: No automatic mesh reduction module available
[2014.10.12-21.36.32:789][  0]LogMeshUtilities: No automatic mesh merging module available
[2014.10.12-21.36.33:074][  0]LogInit: WinSock: version 1.1 (2.2), MaxSocks=32767, MaxUdp=65467
[2014.10.12-21.36.33:641][  0]LogLinker:Warning: Asset '../../../Engine/Plugins/Experimental/Paper2D/Content/DefaultPaperTerrainMaterial.uasset' has been saved with empty engine version. The asset will be loaded but may be incompatible.
[2014.10.12-21.36.33:641][  0]LogLinker:Warning: Asset '../../../Engine/Plugins/Experimental/Paper2D/Content/DummySprite.uasset' has been saved with empty engine version. The asset will be loaded but may be incompatible.
[2014.10.12-21.36.33:674][  0]UdpMessaging: Initializing bridge on interface 0.0.0.0:0 to multicast group 230.0.0.1:6666.
[2014.10.12-21.36.33:765][  0]SourceControl: Info Source control is disabled
[2014.10.12-21.36.33:765][  0]SourceControl: Info Source control is disabled
[2014.10.12-21.36.33:769][  0]SourceControl: Info Source control is disabled
[2014.10.12-21.36.33:867][  0]BlueprintLog: New page: Editor Load
[2014.10.12-21.36.33:917][  0]LogObj: 20191 objects as part of root set at end of initial load.
[2014.10.12-21.36.33:917][  0]LogUObjectAllocator: 3997432 out of 0 bytes used by permanent object pool.
[2014.10.12-21.36.34:103][  0]LogEngine: Initializing Engine...
[2014.10.12-21.36.34:183][  0]LogInit: XAudio2 using 'Haut-parleurs (Périphérique High Definition Audio)' : 2 channels at 44.1 kHz using 16 bits per sample (channel mask 0x3)
[2014.10.12-21.36.34:191][  0]LogInit: FAudioDevice initialized.
[2014.10.12-21.36.34:201][  0]LogAIModule: Creating AISystem for world NewWorld
[2014.10.12-21.36.34:221][  0]LogDerivedDataCache: Saved boot cache 0.02s 39MB C:/Users/utilisateur/AppData/Local/UnrealEngine/4.3/DerivedDataCache/Boot.ddc.
[2014.10.12-21.36.34:224][  0]LogInit: Texture streaming: Enabled
[2014.10.12-21.36.34:246][  0]LogInit: Transaction tracking system initialized
[2014.10.12-21.36.34:322][  0]LogAssetRegistry: FAssetRegistry took 0.0102 seconds to start up
[2014.10.12-21.36.34:414][  0]LogTargetPlatformManager:Display: Building Assets For Windows
[2014.10.12-21.36.34:438][  0]LogTargetPlatformManager:Display: Building Assets For Windows
[2014.10.12-21.36.34:510][  0]LogConsoleResponse:Display: 
[2014.10.12-21.36.34:618][  0]SourceControl: Info Source control is disabled
[2014.10.12-21.36.34:618][  0]Cmd: MAP LOAD FILE="../../../Engine/Content/Maps/Templates/Template_Default.umap" TEMPLATE=1 SHOWPROGRESS=1
[2014.10.12-21.36.34:619][  0]LightingResults: New page: Lighting Build
[2014.10.12-21.36.34:623][  0]MapCheck: New page: Map Check
[2014.10.12-21.36.34:623][  0]LightingResults: New page: Lighting Build
[2014.10.12-21.36.34:634][  0]LogParticles: Destroying 0 GPU particle simulations for FXSystem 0x000000000FB64720
[2014.10.12-21.36.34:671][  0]LogLinker:Warning: Can't find file '/Game/Materials/M_Metal_Gold'
[2014.10.12-21.36.34:671][  0]LogLinker:Warning: Can't find file for asset '/Game/Materials/M_Metal_Gold' while loading ../../../Engine/Content/EngineSky/BP_Sky_Sphere.uasset.
[2014.10.12-21.36.34:671][  0]LoadErrors:Error: Error /Engine/EngineSky/BP_Sky_Sphere : Can't find file for asset. /Game/Materials/M_Metal_Gold
[2014.10.12-21.36.34:672][  0]LogLinker:Warning: Can't find file '/Game/Materials/M_Metal_Gold'
[2014.10.12-21.36.34:672][  0]LogLinker:Warning: Can't find file for asset '/Game/Materials/M_Metal_Gold' while loading ../../../Engine/Content/EngineSky/BP_Sky_Sphere.uasset.
[2014.10.12-21.36.34:672][  0]LoadErrors:Error: Error /Engine/EngineSky/BP_Sky_Sphere : Can't find file for asset. /Game/Materials/M_Metal_Gold
[2014.10.12-21.36.34:691][  0]LogLinker:Warning: Can't find file '/Game/Materials/M_Metal_Gold'
[2014.10.12-21.36.34:691][  0]LoadErrors: Info Failed to load /Game/Materials/M_Metal_Gold.M_Metal_Gold Referenced by EdGraphPin_11297 Property /Script/Engine.EdGraphPin:DefaultObject
[2014.10.12-21.36.34:691][  0]LogLinker:Warning: Can't find file for asset '/Game/Materials/M_Metal_Gold' while loading ../../../Engine/Content/Maps/Templates/Template_Default.umap.
[2014.10.12-21.36.34:692][  0]LoadErrors: Info Failed to load /Game/Materials/M_Metal_Gold.M_Metal_Gold Referenced by EdGraphPin_11297 Property /Script/Engine.EdGraphPin:DefaultObject
[2014.10.12-21.36.34:692][  0]LoadErrors:Error: Error /Engine/Maps/Templates/Template_Default : Can't find file for asset. /Game/Materials/M_Metal_Gold
[2014.10.12-21.36.34:782][  0]LogEditorServer: Finished looking for orphan Actors (0.000 secs)
[2014.10.12-21.36.34:782][  0]LogAIModule: Creating AISystem for world Template_Default
[2014.10.12-21.36.34:782][  0]Cmd: MAP CHECKDEP
[2014.10.12-21.36.34:782][  0]MapCheck: New page: Untitled_1 - Oct 12, 2014, 1:36:34 PM
[2014.10.12-21.36.34:823][  0]MapCheck: Info ========== Map Check: 0 Error(s), 0 Warning(s), [40.632ms] ==========
[2014.10.12-21.36.34:823][  0]LogFileHelpers: Loading map 'Template_Default' took 0.204
[2014.10.12-21.36.34:928][  0]LogCollectionManager: Loaded 0 collections in 0.001199 seconds
[2014.10.12-21.36.34:992][  0]LogCrashTracker: Crashtracker disabled due to settings.
[2014.10.12-21.36.35:023][  0]LogLoad: Full Startup: 3.97 seconds (BP compile: 0.06 seconds)
[2014.10.12-21.36.35:122][  0]LogSlate: SRTH: 000000000C6FFDC0, 992 x 865
[2014.10.12-21.36.35:184][  0]LogRenderer:Warning: Reallocating scene render targets to support 992x872.
[2014.10.12-21.36.35:271][  1]LogEpicStorage:Warning: EnumerateFiles request failed. Invalid response. code=403 error=<?xml version="1.0" encoding="UTF-8"?>
<Error><Code>AccessDenied</Code><Message>Access Denied</Message><RequestId>867EF9C27194AECA</RequestId><HostId>7zMXvLc9Y4seiLyly6V67X0RWkwKL12q/DAOX7kChgnnnRoA3Hxl7n1KixQxHJ2s</HostId></Error>
[2014.10.12-21.36.35:274][  1]LogAssetRegistry: Asset discovery search completed in 0.9622 seconds
[2014.10.12-21.36.35:340][  2]LogEpicSurvey:Warning: EnumerateFiles request failed. Invalid response. code=403 error=<?xml version="1.0" encoding="UTF-8"?>
<Error><Code>AccessDenied</Code><Message>Access Denied</Message><RequestId>FBDA58B467F8A680</RequestId><HostId>bcQJePp7ABIvExxq/NCXD74y7oau4xWmdotCWlrqF4cIyfJKml6deY+U8Eg0t1Jc</HostId></Error>
[2014.10.12-21.36.35:346][  3]LogEpicStorage:Warning: EnumerateFiles request failed. Invalid response. code=403 error=<?xml version="1.0" encoding="UTF-8"?>
<Error><Code>AccessDenied</Code><Message>Access Denied</Message><RequestId>867EF9C27194AECA</RequestId><HostId>7zMXvLc9Y4seiLyly6V67X0RWkwKL12q/DAOX7kChgnnnRoA3Hxl7n1KixQxHJ2s</HostId></Error>
[2014.10.12-21.36.35:362][  5]LogEpicSurvey:Warning: EnumerateFiles request failed. Invalid response. code=403 error=<?xml version="1.0" encoding="UTF-8"?>
<Error><Code>AccessDenied</Code><Message>Access Denied</Message><RequestId>FBDA58B467F8A680</RequestId><HostId>bcQJePp7ABIvExxq/NCXD74y7oau4xWmdotCWlrqF4cIyfJKml6deY+U8Eg0t1Jc</HostId></Error>
[2014.10.12-21.36.35:400][  8]LogEpicStorage:Warning: ReadFile request failed. File request already pending for filename=http://cdn.unrealengine.com/newsfeed/blueprint_icon_b.png
[2014.10.12-21.36.35:401][  8]LogEpicStorage:Warning: ReadFile request failed. File request already pending for filename=http://cdn.unrealengine.com/newsfeed/blueprint_icon_b.png
[2014.10.12-21.36.41:945][724]Cmd: QUIT_EDITOR
[2014.10.12-21.36.41:983][724]LogWindowsTextInputMethodSystem:Error: Terminating failed while unadvising the language notification sink from the TSF source.
[2014.10.12-21.36.41:985][724]LogExit: Preparing to exit.
[2014.10.12-21.36.42:827][724]LogExit: Editor shut down
[2014.10.12-21.36.42:827][724]LogExit: Transaction tracking system shut down
[2014.10.12-21.36.42:827][724]LogParticles: Destroying 0 GPU particle simulations for FXSystem 0x0000000015ED7F60
[2014.10.12-21.36.42:842][724]LogExit: Object subsystem successfully closed.
[2014.10.12-21.36.42:870][724]LogModuleManager: Shutting down and abandoning module AndroidDeviceDetection (172)
[2014.10.12-21.36.43:052][724]LogModuleManager: Shutting down and abandoning module GameLiveStreaming (171)
[2014.10.12-21.36.43:052][724]LogModuleManager: Shutting down and abandoning module CrashTracker (170)
[2014.10.12-21.36.43:052][724]LogModuleManager: Shutting down and abandoning module HTTP (169)
[2014.10.12-21.36.43:052][724]LogModuleManager: Shutting down and abandoning module NewsFeed (168)
[2014.10.12-21.36.43:052][724]LogModuleManager: Shutting down and abandoning module SceneOutliner (167)
[2014.10.12-21.36.43:052][724]LogModuleManager: Shutting down and abandoning module EditorWidgets (166)
[2014.10.12-21.36.43:052][724]LogModuleManager: Shutting down and abandoning module CollectionManager (165)
[2014.10.12-21.36.43:052][724]LogModuleManager: Shutting down and abandoning module StatsViewer (164)
[2014.10.12-21.36.43:053][724]LogModuleManager: Shutting down and abandoning module FoliageEdit (163)
[2014.10.12-21.36.43:053][724]LogModuleManager: Shutting down and abandoning module LandscapeEditor (162)
[2014.10.12-21.36.43:053][724]LogModuleManager: Shutting down and abandoning module MeshPaint (161)
[2014.10.12-21.36.43:053][724]LogModuleManager: Shutting down and abandoning module ActorPickerMode (160)
[2014.10.12-21.36.43:053][724]LogModuleManager: Shutting down and abandoning module GeometryMode (159)
[2014.10.12-21.36.43:053][724]LogModuleManager: Shutting down and abandoning module TextureAlignMode (158)
[2014.10.12-21.36.43:053][724]LogModuleManager: Shutting down and abandoning module BspMode (157)
[2014.10.12-21.36.43:053][724]LogModuleManager: Shutting down and abandoning module PlacementMode (156)
[2014.10.12-21.36.43:053][724]LogModuleManager: Shutting down and abandoning module DesktopPlatform (155)
[2014.10.12-21.36.43:053][724]LogModuleManager: Shutting down and abandoning module AutomationWorker (154)
[2014.10.12-21.36.43:053][724]LogModuleManager: Shutting down and abandoning module EditorLiveStreaming (153)
[2014.10.12-21.36.43:053][724]LogModuleManager: Shutting down and abandoning module DeviceProfileEditor (152)
[2014.10.12-21.36.43:053][724]LogModuleManager: Shutting down and abandoning module UndoHistory (151)
[2014.10.12-21.36.43:053][724]LogModuleManager: Shutting down and abandoning module GameplayTagsEditor (150)
[2014.10.12-21.36.43:053][724]LogModuleManager: Shutting down and abandoning module UserFeedback (149)
[2014.10.12-21.36.43:053][724]LogModuleManager: Shutting down and abandoning module XmlParser (148)
[2014.10.12-21.36.43:053][724]LogModuleManager: Shutting down and abandoning module Blutility (147)
[2014.10.12-21.36.43:053][724]LogModuleManager: Shutting down and abandoning module IOSPlatformEditor (146)
[2014.10.12-21.36.43:053][724]LogModuleManager: Shutting down and abandoning module IOSRuntimeSettings (145)
[2014.10.12-21.36.43:053][724]LogModuleManager: Shutting down and abandoning module AndroidPlatformEditor (144)
[2014.10.12-21.36.43:053][724]LogModuleManager: Shutting down and abandoning module AndroidRuntimeSettings (143)
[2014.10.12-21.36.43:053][724]LogModuleManager: Shutting down and abandoning module ProjectTargetPlatformEditor (142)
[2014.10.12-21.36.43:053][724]LogModuleManager: Shutting down and abandoning module ProjectSettingsViewer (141)
[2014.10.12-21.36.43:053][724]LogModuleManager: Shutting down and abandoning module InputBindingEditor (140)
[2014.10.12-21.36.43:054][724]LogModuleManager: Shutting down and abandoning module EditorSettingsViewer (139)
[2014.10.12-21.36.43:054][724]LogModuleManager: Shutting down and abandoning module SettingsEditor (138)
[2014.10.12-21.36.43:054][724]LogModuleManager: Shutting down and abandoning module SessionLauncher (137)
[2014.10.12-21.36.43:054][724]LogModuleManager: Shutting down and abandoning module SessionFrontend (136)
[2014.10.12-21.36.43:054][724]LogModuleManager: Shutting down and abandoning module ProfilerClient (135)
[2014.10.12-21.36.43:054][724]LogModuleManager: Shutting down and abandoning module TargetDeviceServices (134)
[2014.10.12-21.36.43:054][724]LogModuleManager: Shutting down and abandoning module DeviceManager (133)
[2014.10.12-21.36.43:054][724]LogModuleManager: Shutting down and abandoning module AutomationController (132)
[2014.10.12-21.36.43:054][724]LogModuleManager: Shutting down and abandoning module AutomationWindow (131)
[2014.10.12-21.36.43:054][724]LogModuleManager: Shutting down and abandoning module Layers (130)
[2014.10.12-21.36.43:054][724]LogModuleManager: Shutting down and abandoning module ComponentVisualizers (129)
[2014.10.12-21.36.43:054][724]LogModuleManager: Shutting down and abandoning module DetailCustomizations (128)
[2014.10.12-21.36.43:054][724]LogModuleManager: Shutting down and abandoning module PackagesDialog (127)
[2014.10.12-21.36.43:054][724]LogModuleManager: Shutting down and abandoning module DirectoryWatcher (126)
[2014.10.12-21.36.43:055][724]LogModuleManager: Shutting down and abandoning module AssetRegistry (125)
[2014.10.12-21.36.43:106][724]LogModuleManager: Shutting down and abandoning module Persona (124)
[2014.10.12-21.36.43:106][724]LogModuleManager: Shutting down and abandoning module GraphEditor (123)
[2014.10.12-21.36.43:106][724]LogModuleManager: Shutting down and abandoning module ClassViewer (122)
[2014.10.12-21.36.43:106][724]LogModuleManager: Shutting down and abandoning module Toolbox (121)
[2014.10.12-21.36.43:106][724]LogModuleManager: Shutting down and abandoning module ModuleUI (120)
[2014.10.12-21.36.43:106][724]LogModuleManager: Shutting down and abandoning module Sequencer (119)
[2014.10.12-21.36.43:106][724]LogModuleManager: Shutting down and abandoning module MovieSceneTools (118)
[2014.10.12-21.36.43:106][724]LogModuleManager: Shutting down and abandoning module OutputLog (117)
[2014.10.12-21.36.43:106][724]LogModuleManager: Shutting down and abandoning module GammaUI (116)
[2014.10.12-21.36.43:106][724]LogModuleManager: Shutting down and abandoning module Documentation (115)
[2014.10.12-21.36.43:106][724]LogModuleManager: Shutting down and abandoning module StreamingPauseRendering (114)
[2014.10.12-21.36.43:106][724]LogModuleManager: Shutting down and abandoning module AnalyticsET (113)
[2014.10.12-21.36.43:106][724]LogModuleManager: Shutting down and abandoning module Analytics (112)
[2014.10.12-21.36.43:107][724]LogModuleManager: Shutting down and abandoning module GameplayDebugger (111)
[2014.10.12-21.36.43:107][724]LogModuleManager: Shutting down and abandoning module AIModule (110)
[2014.10.12-21.36.43:107][724]LogModuleManager: Shutting down and abandoning module ProfilerService (109)
[2014.10.12-21.36.43:178][724]LogModuleManager: Shutting down and abandoning module TaskGraph (108)
[2014.10.12-21.36.43:178][724]LogModuleManager: Shutting down and abandoning module ViewportSnapping (107)
[2014.10.12-21.36.43:178][724]LogModuleManager: Shutting down and abandoning module GameProjectGeneration (106)
[2014.10.12-21.36.43:178][724]LogModuleManager: Shutting down and abandoning module Matinee (105)
[2014.10.12-21.36.43:178][724]LogModuleManager: Shutting down and abandoning module Kismet (104)
[2014.10.12-21.36.43:178][724]LogModuleManager: Shutting down and abandoning module SlateReflector (103)
[2014.10.12-21.36.43:178][724]LogModuleManager: Shutting down and abandoning module LevelEditor (102)
[2014.10.12-21.36.43:179][724]LogModuleManager: Shutting down and abandoning module IntroTutorials (101)
[2014.10.12-21.36.43:179][724]LogModuleManager: Shutting down and abandoning module ContentBrowser (100)
[2014.10.12-21.36.43:179][724]LogModuleManager: Shutting down and abandoning module PropertyEditor (99)
[2014.10.12-21.36.43:179][724]LogModuleManager: Shutting down and abandoning module AssetTools (98)
[2014.10.12-21.36.43:179][724]LogModuleManager: Shutting down and abandoning module MainFrame (97)
[2014.10.12-21.36.43:179][724]LogModuleManager: Shutting down and abandoning module SourceControl (96)
[2014.10.12-21.36.43:179][724]LogModuleManager: Shutting down and abandoning module ImageWrapper (95)
[2014.10.12-21.36.43:179][724]LogModuleManager: Shutting down and abandoning module OnlineBlueprintSupport (94)
[2014.10.12-21.36.43:179][724]LogModuleManager: Shutting down and abandoning module FunctionalTesting (93)
[2014.10.12-21.36.43:179][724]LogModuleManager: Shutting down and abandoning module CollisionAnalyzer (92)
[2014.10.12-21.36.43:179][724]LogModuleManager: Shutting down and abandoning module WorkspaceMenuStructure (91)
[2014.10.12-21.36.43:179][724]LogModuleManager: Shutting down and abandoning module MessageLog (90)
[2014.10.12-21.36.43:179][724]LogModuleManager: Shutting down and abandoning module Slate (89)
[2014.10.12-21.36.43:179][724]LogModuleManager: Shutting down and abandoning module EditorStyle (88)
[2014.10.12-21.36.43:180][724]LogModuleManager: Shutting down and abandoning module SessionServices (87)
[2014.10.12-21.36.43:180][724]LogModuleManager: Shutting down and abandoning module SourceCodeAccess (86)
[2014.10.12-21.36.43:180][724]LogModuleManager: Shutting down and abandoning module HeadMountedDisplay (85)
[2014.10.12-21.36.43:180][724]LogModuleManager: Shutting down and abandoning module XAudio2 (84)
[2014.10.12-21.36.43:180][724]LogModuleManager: Shutting down and abandoning module Networking (82)
[2014.10.12-21.36.43:180][724]LogModuleManager: Shutting down and abandoning module Core (81)
[2014.10.12-21.36.43:180][724]LogModuleManager: Shutting down and abandoning module KismetCompiler (80)
[2014.10.12-21.36.43:180][724]LogModuleManager: Shutting down and abandoning module PhysXFormats (79)
[2014.10.12-21.36.43:180][724]LogModuleManager: Shutting down and abandoning module MeshUtilities (78)
[2014.10.12-21.36.43:180][724]LogModuleManager: Shutting down and abandoning module DerivedDataCache (77)
[2014.10.12-21.36.43:659][724]LogDerivedDataCache: Shutdown
[2014.10.12-21.36.43:659][724]LogModuleManager: Shutting down and abandoning module ShaderFormatOpenGL (76)
[2014.10.12-21.36.43:660][724]LogModuleManager: Shutting down and abandoning module ShaderFormatD3D (75)
[2014.10.12-21.36.43:660][724]LogModuleManager: Shutting down and abandoning module MetalShaderFormat (74)
[2014.10.12-21.36.43:660][724]LogModuleManager: Shutting down and abandoning module TextureFormatUncompressed (73)
[2014.10.12-21.36.43:660][724]LogModuleManager: Shutting down and abandoning module TextureFormatPVR (72)
[2014.10.12-21.36.43:660][724]LogModuleManager: Shutting down and abandoning module TextureFormatDXT (71)
[2014.10.12-21.36.43:660][724]LogModuleManager: Shutting down and abandoning module TextureFormatAndroid (70)
[2014.10.12-21.36.43:660][724]LogModuleManager: Shutting down and abandoning module AudioFormatOpus (69)
[2014.10.12-21.36.43:660][724]LogModuleManager: Shutting down and abandoning module AudioFormatOgg (68)
[2014.10.12-21.36.43:660][724]LogModuleManager: Shutting down and abandoning module AudioFormatADPCM (67)
[2014.10.12-21.36.43:660][724]LogModuleManager: Shutting down and abandoning module Messaging (66)
[2014.10.12-21.36.43:660][724]LogModuleManager: Shutting down and abandoning module IOSTargetPlatform (65)
[2014.10.12-21.36.43:660][724]LogModuleManager: Shutting down and abandoning module Android_PVRTCTargetPlatform (64)
[2014.10.12-21.36.43:660][724]LogModuleManager: Shutting down and abandoning module Android_ETC2TargetPlatform (63)
[2014.10.12-21.36.43:660][724]LogModuleManager: Shutting down and abandoning module Android_ETC1TargetPlatform (62)
[2014.10.12-21.36.43:660][724]LogModuleManager: Shutting down and abandoning module Android_DXTTargetPlatform (61)
[2014.10.12-21.36.43:660][724]LogModuleManager: Shutting down and abandoning module Android_ATCTargetPlatform (60)
[2014.10.12-21.36.43:660][724]LogModuleManager: Shutting down and abandoning module AndroidTargetPlatform (59)
[2014.10.12-21.36.43:660][724]LogModuleManager: Shutting down and abandoning module WindowsTargetPlatform (58)
[2014.10.12-21.36.43:660][724]LogModuleManager: Shutting down and abandoning module WindowsServerTargetPlatform (57)
[2014.10.12-21.36.43:660][724]LogModuleManager: Shutting down and abandoning module WindowsNoEditorTargetPlatform (56)
[2014.10.12-21.36.43:660][724]LogModuleManager: Shutting down and abandoning module WindowsClientTargetPlatform (55)
[2014.10.12-21.36.43:660][724]LogModuleManager: Shutting down and abandoning module TargetPlatform (54)
[2014.10.12-21.36.43:660][724]LogModuleManager: Shutting down and abandoning module InputCore (53)
[2014.10.12-21.36.43:660][724]LogModuleManager: Shutting down and abandoning module Settings (52)
[2014.10.12-21.36.43:660][724]LogModuleManager: Shutting down and abandoning module TextureCompressor (49)
[2014.10.12-21.36.43:660][724]LogModuleManager: Shutting down and abandoning module ShaderCore (48)
[2014.10.12-21.36.43:660][724]LogModuleManager: Shutting down and abandoning module OpenGLDrv (47)
[2014.10.12-21.36.43:660][724]LogModuleManager: Shutting down and abandoning module D3D11RHI (46)
[2014.10.12-21.36.43:660][724]LogModuleManager: Shutting down and abandoning module SlateRHIRenderer (45)
[2014.10.12-21.36.43:660][724]LogModuleManager: Shutting down and abandoning module Renderer (44)
[2014.10.12-21.36.43:660][724]LogModuleManager: Shutting down and abandoning module Engine (43)
[2014.10.12-21.36.43:660][724]LogModuleManager: Shutting down and abandoning module SlateRemote (42)
[2014.10.12-21.36.43:661][724]LogModuleManager: Shutting down and abandoning module ScriptPlugin (41)
[2014.10.12-21.36.43:661][724]LogModuleManager: Shutting down and abandoning module ScriptEditorPlugin (39)
[2014.10.12-21.36.43:661][724]LogModuleManager: Shutting down and abandoning module WindowsMoviePlayer (38)
[2014.10.12-21.36.43:667][724]LogModuleManager: Shutting down and abandoning module ExampleDeviceProfileSelector (31)
[2014.10.12-21.36.43:667][724]LogModuleManager: Shutting down and abandoning module CustomMeshComponent (30)
[2014.10.12-21.36.43:667][724]LogModuleManager: Shutting down and abandoning module CableComponent (29)
[2014.10.12-21.36.43:667][724]LogModuleManager: Shutting down and abandoning module OculusRift (25)
[2014.10.12-21.36.43:667][724]LogModuleManager: Shutting down and abandoning module UdpMessaging (24)
[2014.10.12-21.36.43:767][724]LogModuleManager: Shutting down and abandoning module MessagingDebugger (23)
[2014.10.12-21.36.43:767][724]LogModuleManager: Shutting down and abandoning module SmartSnapping (21)
[2014.10.12-21.36.43:767][724]LogModuleManager: Shutting down and abandoning module PaperJsonImporter (20)
[2014.10.12-21.36.43:767][724]LogModuleManager: Shutting down and abandoning module Paper2DEditor (19)
[2014.10.12-21.36.43:767][724]LogModuleManager: Shutting down and abandoning module Paper2D (18)
[2014.10.12-21.36.43:767][724]LogModuleManager: Shutting down and abandoning module SpeedTreeImporter (14)
[2014.10.12-21.36.43:767][724]LogModuleManager: Shutting down and abandoning module PluginsEditor (13)
[2014.10.12-21.36.43:767][724]LogModuleManager: Shutting down and abandoning module EpicSurvey (12)
[2014.10.12-21.36.43:767][724]LogModuleManager: Shutting down and abandoning module VisualStudioSourceCodeAccess (10)
[2014.10.12-21.36.43:767][724]LogModuleManager: Shutting down and abandoning module UObjectPlugin (9)
[2014.10.12-21.36.43:767][724]LogModuleManager: Shutting down and abandoning module SubversionSourceControl (8)
[2014.10.12-21.36.43:767][724]LogModuleManager: Shutting down and abandoning module PerforceSourceControl (7)
[2014.10.12-21.36.43:767][724]LogModuleManager: Shutting down and abandoning module BlankPlugin (6)
[2014.10.12-21.36.43:767][724]LogModuleManager: Shutting down and abandoning module CoreUObject (5)
[2014.10.12-21.36.43:767][724]LogModuleManager: Shutting down and abandoning module NetworkFile (4)
[2014.10.12-21.36.43:767][724]LogModuleManager: Shutting down and abandoning module StreamingFile (3)
[2014.10.12-21.36.43:767][724]LogModuleManager: Shutting down and abandoning module SandboxFile (2)
[2014.10.12-21.36.43:767][724]LogModuleManager: Shutting down and abandoning module PakFile (1)
[2014.10.12-21.36.43:768][724]LogExit: Exiting.
[2014.10.12-21.36.43:785][724]Log file closed, 10/12/14 17:36:43
